Determining if the pthread_create exist failed with the following output:
Change Dir: /home/gilad/CLionProjects/Task_07/cmake-build-debug/CMakeFiles/CMakeTmp

Run Build Command:"/usr/bin/make" "cmTC_61a78/fast"
/usr/bin/make -f CMakeFiles/cmTC_61a78.dir/build.make CMakeFiles/cmTC_61a78.dir/build
make[1]: Entering directory '/home/gilad/CLionProjects/Task_07/cmake-build-debug/CMakeFiles/CMakeTmp'
Building C object CMakeFiles/cmTC_61a78.dir/CheckSymbolExists.c.o
/usr/bin/cc    -o CMakeFiles/cmTC_61a78.dir/CheckSymbolExists.c.o   -c /home/gilad/CLionProjects/Task_07/cmake-build-debug/CMakeFiles/CMakeTmp/CheckSymbolExists.c
Linking C executable cmTC_61a78
/opt/clion-2017.2.3/bin/cmake/bin/cmake -E cmake_link_script CMakeFiles/cmTC_61a78.dir/link.txt --verbose=1
/usr/bin/cc      -rdynamic CMakeFiles/cmTC_61a78.dir/CheckSymbolExists.c.o  -o cmTC_61a78 
CMakeFiles/cmTC_61a78.dir/CheckSymbolExists.c.o: In function `main':
CheckSymbolExists.c:(.text+0x16): undefined reference to `pthread_create'
collect2: error: ld returned 1 exit status
CMakeFiles/cmTC_61a78.dir/build.make:97: recipe for target 'cmTC_61a78' failed
make[1]: *** [cmTC_61a78] Error 1
make[1]: Leaving directory '/home/gilad/CLionProjects/Task_07/cmake-build-debug/CMakeFiles/CMakeTmp'
Makefile:126: recipe for target 'cmTC_61a78/fast' failed
make: *** [cmTC_61a78/fast] Error 2

File /home/gilad/CLionProjects/Task_07/cmake-build-debug/CMakeFiles/CMakeTmp/CheckSymbolExists.c:
/* */
#include <pthread.h>

int main(int argc, char** argv)
{
  (void)argv;
#ifndef pthread_create
  return ((int*)(&pthread_create))[argc];
#else
  (void)argc;
  return 0;
#endif
}

Determining if the function pthread_create exists in the pthreads failed with the following output:
Change Dir: /home/gilad/CLionProjects/Task_07/cmake-build-debug/CMakeFiles/CMakeTmp

Run Build Command:"/usr/bin/make" "cmTC_9c867/fast"
/usr/bin/make -f CMakeFiles/cmTC_9c867.dir/build.make CMakeFiles/cmTC_9c867.dir/build
make[1]: Entering directory '/home/gilad/CLionProjects/Task_07/cmake-build-debug/CMakeFiles/CMakeTmp'
Building C object CMakeFiles/cmTC_9c867.dir/CheckFunctionExists.c.o
/usr/bin/cc   -DCHECK_FUNCTION_EXISTS=pthread_create   -o CMakeFiles/cmTC_9c867.dir/CheckFunctionExists.c.o   -c /opt/clion-2017.2.3/bin/cmake/share/cmake-3.8/Modules/CheckFunctionExists.c
Linking C executable cmTC_9c867
/opt/clion-2017.2.3/bin/cmake/bin/cmake -E cmake_link_script CMakeFiles/cmTC_9c867.dir/link.txt --verbose=1
/usr/bin/cc  -DCHECK_FUNCTION_EXISTS=pthread_create    -rdynamic CMakeFiles/cmTC_9c867.dir/CheckFunctionExists.c.o  -o cmTC_9c867 -lpthreads 
/usr/bin/ld: cannot find -lpthreads
collect2: error: ld returned 1 exit status
CMakeFiles/cmTC_9c867.dir/build.make:97: recipe for target 'cmTC_9c867' failed
make[1]: *** [cmTC_9c867] Error 1
make[1]: Leaving directory '/home/gilad/CLionProjects/Task_07/cmake-build-debug/CMakeFiles/CMakeTmp'
Makefile:126: recipe for target 'cmTC_9c867/fast' failed
make: *** [cmTC_9c867/fast] Error 2


